app/build/intermediates/manifest_merge_blame_file/debug/manifest-merger-blame-debug-report.txt
1<?xml version="1.0" encoding="utf-8"?>
2<manifest xmlns:android="http://schemas.android.com/apk/res/android"
3    package="com.darkpaster.pixellife"
4    android:versionCode="1"
5    android:versionName="1.0" >
6
7    <uses-sdk
7-->src\main\AndroidManifest.xml:7:5-9:41
8        android:minSdkVersion="14"
8-->src\main\AndroidManifest.xml:8:9-35
9        android:targetSdkVersion="27" />
9-->src\main\AndroidManifest.xml:9:9-38
10
11    <!-- <uses-permission android:name="android.permission.WRITE_EXTERNAL_STORAGE" /> -->
12    <!-- <uses-permission android:name="android.permission.READ_EXTERNAL_STORAGE" /> -->
13    <application
13-->src\main\AndroidManifest.xml:15:5-41:19
14        android:allowBackup="true"
14-->src\main\AndroidManifest.xml:16:9-35
15        android:debuggable="true"
16        android:icon="@drawable/ic_launcher"
16-->src\main\AndroidManifest.xml:17:9-45
17        android:label="@string/app_name"
17-->src\main\AndroidManifest.xml:18:9-41
18        android:testOnly="true"
19        android:theme="@style/AppTheme" >
19-->src\main\AndroidManifest.xml:19:9-40
20        <activity
20-->src\main\AndroidManifest.xml:21:9-22:50
21            android:name="com.darkpaster.pixellife.GameActivity"
21-->src\main\AndroidManifest.xml:21:19-71
22            android:screenOrientation="portrait" >
22-->src\main\AndroidManifest.xml:22:1-37
23        </activity>
24        <activity
24-->src\main\AndroidManifest.xml:24:9-26:50
25            android:name="com.darkpaster.pixellife.Preferences"
25-->src\main\AndroidManifest.xml:24:19-70
26            android:label="@string/set_preferences"
26-->src\main\AndroidManifest.xml:25:1-40
27            android:screenOrientation="portrait" >
27-->src\main\AndroidManifest.xml:26:1-37
28        </activity>
29        <activity
29-->src\main\AndroidManifest.xml:28:9-30:20
30            android:name="com.darkpaster.pixellife.PlayActivity"
30-->src\main\AndroidManifest.xml:28:19-71
31            android:screenOrientation="portrait" >
31-->src\main\AndroidManifest.xml:29:1-37
32        </activity>
33        <activity
33-->src\main\AndroidManifest.xml:32:9-39:20
34            android:name="com.darkpaster.pixellife.MainActivity"
34-->src\main\AndroidManifest.xml:32:19-71
35            android:screenOrientation="portrait" >
35-->src\main\AndroidManifest.xml:33:1-37
36            <intent-filter>
36-->src\main\AndroidManifest.xml:34:13-37:29
37                <action android:name="android.intent.action.MAIN" />
37-->src\main\AndroidManifest.xml:35:17-69
37-->src\main\AndroidManifest.xml:35:25-66
38
39                <category android:name="android.intent.category.LAUNCHER" />
39-->src\main\AndroidManifest.xml:36:17-77
39-->src\main\AndroidManifest.xml:36:27-74
40            </intent-filter>
41        </activity>
42    </application>
43
44</manifest>